[2023-12-07 20:19:28] local.ERROR: Command "make:middelware" is not defined.

Did you mean one of these?
    make:cast
    make:channel
    make:command
    make:component
    make:controller
    make:event
    make:exception
    make:factory
    make:job
    make:listener
    make:mail
    make:middleware
    make:migration
    make:model
    make:notification
    make:observer
    make:policy
    make:provider
    make:request
    make:resource
    make:rule
    make:scope
    make:seeder
    make:test
    make:view {"exception":"[object] (Symfony\\Component\\Console\\Exception\\CommandNotFoundException(code: 0): Command \"make:middelware\" is not defined.

Did you mean one of these?
    make:cast
    make:channel
    make:command
    make:component
    make:controller
    make:event
    make:exception
    make:factory
    make:job
    make:listener
    make:mail
    make:middleware
    make:migration
    make:model
    make:notification
    make:observer
    make:policy
    make:provider
    make:request
    make:resource
    make:rule
    make:scope
    make:seeder
    make:test
    make:view at /home/ben/Bureau/MyOwnApi/MyOwnApi/vendor/symfony/console/Application.php:737)
[stacktrace]
#0 /home/ben/Bureau/MyOwnApi/MyOwnApi/vendor/symfony/console/Application.php(266): Symfony\\Component\\Console\\Application->find()
#1 /home/ben/Bureau/MyOwnApi/MyOwnApi/vendor/symfony/console/Application.php(175): Symfony\\Component\\Console\\Application->doRun()
#2 /home/ben/Bureau/MyOwnApi/MyOwnApi/vendor/laravel/framework/src/Illuminate/Foundation/Console/Kernel.php(201): Symfony\\Component\\Console\\Application->run()
#3 /home/ben/Bureau/MyOwnApi/MyOwnApi/artisan(37): Illuminate\\Foundation\\Console\\Kernel->handle()
#4 {main}
"} 
[2023-12-07 22:15:06] local.ERROR: SQLSTATE[42000]: Syntax error or access violation: 1075 Incorrect table definition; there can be only one auto column and it must be defined as a key (Connection: mysql, SQL: create table `mentors` (`id` bigint unsigned not null auto_increment primary key, `nom` varchar(255) not null, `telephone` varchar(255) not null, `photo_profil` varchar(255) not null, `nombre_annee_experience` int not null, `nombre_mentores` int unsigned not null auto_increment primary key, `role` varchar(255) not null default 'mentor', `est_archive` tinyint(1) not null default '0', `email` varchar(255) not null, `password` varchar(255) not null, `articles_id` bigint unsigned not null, `created_at` timestamp null, `updated_at` timestamp null) default character set utf8mb4 collate 'utf8mb4_unicode_ci') {"exception":"[object] (Illuminate\\Database\\QueryException(code: 42000): SQLSTATE[42000]: Syntax error or access violation: 1075 Incorrect table definition; there can be only one auto column and it must be defined as a key (Connection: mysql, SQL: create table `mentors` (`id` bigint unsigned not null auto_increment primary key, `nom` varchar(255) not null, `telephone` varchar(255) not null, `photo_profil` varchar(255) not null, `nombre_annee_experience` int not null, `nombre_mentores` int unsigned not null auto_increment primary key, `role` varchar(255) not null default 'mentor', `est_archive` tinyint(1) not null default '0', `email` varchar(255) not null, `password` varchar(255) not null, `articles_id` bigint unsigned not null, `created_at` timestamp null, `updated_at` timestamp null) default character set utf8mb4 collate 'utf8mb4_unicode_ci') at /home/ben/Bureau/MyOwnApi/MyOwnApi/vendor/laravel/framework/src/Illuminate/Database/Connection.php:822)
[stacktrace]
#0 /home/ben/Bureau/MyOwnApi/MyOwnApi/vendor/laravel/framework/src/Illuminate/Database/Connection.php(776): Illuminate\\Database\\Connection->runQueryCallback()
#1 /home/ben/Bureau/MyOwnApi/MyOwnApi/vendor/laravel/framework/src/Illuminate/Database/Connection.php(581): Illuminate\\Database\\Connection->run()
#2 /home/ben/Bureau/MyOwnApi/MyOwnApi/vendor/laravel/framework/src/Illuminate/Database/Schema/Blueprint.php(110): Illuminate\\Database\\Connection->statement()
#3 /home/ben/Bureau/MyOwnApi/MyOwnApi/vendor/laravel/framework/src/Illuminate/Database/Schema/Builder.php(512): Illuminate\\Database\\Schema\\Blueprint->build()
#4 /home/ben/Bureau/MyOwnApi/MyOwnApi/vendor/laravel/framework/src/Illuminate/Database/Schema/Builder.php(370): Illuminate\\Database\\Schema\\Builder->build()
#5 /home/ben/Bureau/MyOwnApi/MyOwnApi/vendor/laravel/framework/src/Illuminate/Support/Facades/Facade.php(355): Illuminate\\Database\\Schema\\Builder->create()
#6 /home/ben/Bureau/MyOwnApi/MyOwnApi/database/migrations/2023_12_07_201330_create_mentors_table.php(27): Illuminate\\Support\\Facades\\Facade::__callStatic()
#7 /home/ben/Bureau/MyOwnApi/MyOwnApi/vendor/laravel/framework/src/Illuminate/Database/Migrations/Migrator.php(493): Illuminate\\Database\\Migrations\\Migration@anonymous->up()
#8 /home/ben/Bureau/MyOwnApi/MyOwnApi/vendor/laravel/framework/src/Illuminate/Database/Migrations/Migrator.php(410): Illuminate\\Database\\Migrations\\Migrator->runMethod()
#9 /home/ben/Bureau/MyOwnApi/MyOwnApi/vendor/laravel/framework/src/Illuminate/Database/Migrations/Migrator.php(419): Illuminate\\Database\\Migrations\\Migrator->Illuminate\\Database\\Migrations\\{closure}()
#10 /home/ben/Bureau/MyOwnApi/MyOwnApi/vendor/laravel/framework/src/Illuminate/Database/Migrations/Migrator.php(216): Illuminate\\Database\\Migrations\\Migrator->runMigration()
#11 /home/ben/Bureau/MyOwnApi/MyOwnApi/vendor/laravel/framework/src/Illuminate/Console/View/Components/Task.php(37): Illuminate\\Database\\Migrations\\Migrator->Illuminate\\Database\\Migrations\\{closure}()
#12 /home/ben/Bureau/MyOwnApi/MyOwnApi/vendor/laravel/framework/src/Illuminate/Database/Migrations/Migrator.php(756): Illuminate\\Console\\View\\Components\\Task->render()
#13 /home/ben/Bureau/MyOwnApi/MyOwnApi/vendor/laravel/framework/src/Illuminate/Database/Migrations/Migrator.php(216): Illuminate\\Database\\Migrations\\Migrator->write()
#14 /home/ben/Bureau/MyOwnApi/MyOwnApi/vendor/laravel/framework/src/Illuminate/Database/Migrations/Migrator.php(181): Illuminate\\Database\\Migrations\\Migrator->runUp()
#15 /home/ben/Bureau/MyOwnApi/MyOwnApi/vendor/laravel/framework/src/Illuminate/Database/Migrations/Migrator.php(124): Illuminate\\Database\\Migrations\\Migrator->runPending()
#16 /home/ben/Bureau/MyOwnApi/MyOwnApi/vendor/laravel/framework/src/Illuminate/Database/Console/Migrations/MigrateCommand.php(92): Illuminate\\Database\\Migrations\\Migrator->run()
#17 /home/ben/Bureau/MyOwnApi/MyOwnApi/vendor/laravel/framework/src/Illuminate/Database/Migrations/Migrator.php(633): Illuminate\\Database\\Console\\Migrations\\MigrateCommand->Illuminate\\Database\\Console\\Migrations\\{closure}()
#18 /home/ben/Bureau/MyOwnApi/MyOwnApi/vendor/laravel/framework/src/Illuminate/Database/Console/Migrations/MigrateCommand.php(104): Illuminate\\Database\\Migrations\\Migrator->usingConnection()
#19 /home/ben/Bureau/MyOwnApi/MyOwnApi/vendor/laravel/framework/src/Illuminate/Container/BoundMethod.php(36): Illuminate\\Database\\Console\\Migrations\\MigrateCommand->handle()
#20 /home/ben/Bureau/MyOwnApi/MyOwnApi/vendor/laravel/framework/src/Illuminate/Container/Util.php(41): Illuminate\\Container\\BoundMethod::Illuminate\\Container\\{closure}()
#21 /home/ben/Bureau/MyOwnApi/MyOwnApi/vendor/laravel/framework/src/Illuminate/Container/BoundMethod.php(93): Illuminate\\Container\\Util::unwrapIfClosure()
#22 /home/ben/Bureau/MyOwnApi/MyOwnApi/vendor/laravel/framework/src/Illuminate/Container/BoundMethod.php(37): Illuminate\\Container\\BoundMethod::callBoundMethod()
#23 /home/ben/Bureau/MyOwnApi/MyOwnApi/vendor/laravel/framework/src/Illuminate/Container/Container.php(662): Illuminate\\Container\\BoundMethod::call()
#24 /home/ben/Bureau/MyOwnApi/MyOwnApi/vendor/laravel/framework/src/Illuminate/Console/Command.php(211): Illuminate\\Container\\Container->call()
#25 /home/ben/Bureau/MyOwnApi/MyOwnApi/vendor/symfony/console/Command/Command.php(326): Illuminate\\Console\\Command->execute()
#26 /home/ben/Bureau/MyOwnApi/MyOwnApi/vendor/laravel/framework/src/Illuminate/Console/Command.php(181): Symfony\\Component\\Console\\Command\\Command->run()
#27 /home/ben/Bureau/MyOwnApi/MyOwnApi/vendor/symfony/console/Application.php(1096): Illuminate\\Console\\Command->run()
#28 /home/ben/Bureau/MyOwnApi/MyOwnApi/vendor/symfony/console/Application.php(324): Symfony\\Component\\Console\\Application->doRunCommand()
#29 /home/ben/Bureau/MyOwnApi/MyOwnApi/vendor/symfony/console/Application.php(175): Symfony\\Component\\Console\\Application->doRun()
#30 /home/ben/Bureau/MyOwnApi/MyOwnApi/vendor/laravel/framework/src/Illuminate/Foundation/Console/Kernel.php(201): Symfony\\Component\\Console\\Application->run()
#31 /home/ben/Bureau/MyOwnApi/MyOwnApi/artisan(37): Illuminate\\Foundation\\Console\\Kernel->handle()
#32 {main}

[previous exception] [object] (PDOException(code: 42000): SQLSTATE[42000]: Syntax error or access violation: 1075 Incorrect table definition; there can be only one auto column and it must be defined as a key at /home/ben/Bureau/MyOwnApi/MyOwnApi/vendor/laravel/framework/src/Illuminate/Database/Connection.php:580)
[stacktrace]
#0 /home/ben/Bureau/MyOwnApi/MyOwnApi/vendor/laravel/framework/src/Illuminate/Database/Connection.php(580): PDOStatement->execute()
#1 /home/ben/Bureau/MyOwnApi/MyOwnApi/vendor/laravel/framework/src/Illuminate/Database/Connection.php(809): Illuminate\\Database\\Connection->Illuminate\\Database\\{closure}()
#2 /home/ben/Bureau/MyOwnApi/MyOwnApi/vendor/laravel/framework/src/Illuminate/Database/Connection.php(776): Illuminate\\Database\\Connection->runQueryCallback()
#3 /home/ben/Bureau/MyOwnApi/MyOwnApi/vendor/laravel/framework/src/Illuminate/Database/Connection.php(581): Illuminate\\Database\\Connection->run()
#4 /home/ben/Bureau/MyOwnApi/MyOwnApi/vendor/laravel/framework/src/Illuminate/Database/Schema/Blueprint.php(110): Illuminate\\Database\\Connection->statement()
#5 /home/ben/Bureau/MyOwnApi/MyOwnApi/vendor/laravel/framework/src/Illuminate/Database/Schema/Builder.php(512): Illuminate\\Database\\Schema\\Blueprint->build()
#6 /home/ben/Bureau/MyOwnApi/MyOwnApi/vendor/laravel/framework/src/Illuminate/Database/Schema/Builder.php(370): Illuminate\\Database\\Schema\\Builder->build()
#7 /home/ben/Bureau/MyOwnApi/MyOwnApi/vendor/laravel/framework/src/Illuminate/Support/Facades/Facade.php(355): Illuminate\\Database\\Schema\\Builder->create()
#8 /home/ben/Bureau/MyOwnApi/MyOwnApi/database/migrations/2023_12_07_201330_create_mentors_table.php(27): Illuminate\\Support\\Facades\\Facade::__callStatic()
#9 /home/ben/Bureau/MyOwnApi/MyOwnApi/vendor/laravel/framework/src/Illuminate/Database/Migrations/Migrator.php(493): Illuminate\\Database\\Migrations\\Migration@anonymous->up()
#10 /home/ben/Bureau/MyOwnApi/MyOwnApi/vendor/laravel/framework/src/Illuminate/Database/Migrations/Migrator.php(410): Illuminate\\Database\\Migrations\\Migrator->runMethod()
#11 /home/ben/Bureau/MyOwnApi/MyOwnApi/vendor/laravel/framework/src/Illuminate/Database/Migrations/Migrator.php(419): Illuminate\\Database\\Migrations\\Migrator->Illuminate\\Database\\Migrations\\{closure}()
#12 /home/ben/Bureau/MyOwnApi/MyOwnApi/vendor/laravel/framework/src/Illuminate/Database/Migrations/Migrator.php(216): Illuminate\\Database\\Migrations\\Migrator->runMigration()
#13 /home/ben/Bureau/MyOwnApi/MyOwnApi/vendor/laravel/framework/src/Illuminate/Console/View/Components/Task.php(37): Illuminate\\Database\\Migrations\\Migrator->Illuminate\\Database\\Migrations\\{closure}()
#14 /home/ben/Bureau/MyOwnApi/MyOwnApi/vendor/laravel/framework/src/Illuminate/Database/Migrations/Migrator.php(756): Illuminate\\Console\\View\\Components\\Task->render()
#15 /home/ben/Bureau/MyOwnApi/MyOwnApi/vendor/laravel/framework/src/Illuminate/Database/Migrations/Migrator.php(216): Illuminate\\Database\\Migrations\\Migrator->write()
#16 /home/ben/Bureau/MyOwnApi/MyOwnApi/vendor/laravel/framework/src/Illuminate/Database/Migrations/Migrator.php(181): Illuminate\\Database\\Migrations\\Migrator->runUp()
#17 /home/ben/Bureau/MyOwnApi/MyOwnApi/vendor/laravel/framework/src/Illuminate/Database/Migrations/Migrator.php(124): Illuminate\\Database\\Migrations\\Migrator->runPending()
#18 /home/ben/Bureau/MyOwnApi/MyOwnApi/vendor/laravel/framework/src/Illuminate/Database/Console/Migrations/MigrateCommand.php(92): Illuminate\\Database\\Migrations\\Migrator->run()
#19 /home/ben/Bureau/MyOwnApi/MyOwnApi/vendor/laravel/framework/src/Illuminate/Database/Migrations/Migrator.php(633): Illuminate\\Database\\Console\\Migrations\\MigrateCommand->Illuminate\\Database\\Console\\Migrations\\{closure}()
#20 /home/ben/Bureau/MyOwnApi/MyOwnApi/vendor/laravel/framework/src/Illuminate/Database/Console/Migrations/MigrateCommand.php(104): Illuminate\\Database\\Migrations\\Migrator->usingConnection()
#21 /home/ben/Bureau/MyOwnApi/MyOwnApi/vendor/laravel/framework/src/Illuminate/Container/BoundMethod.php(36): Illuminate\\Database\\Console\\Migrations\\MigrateCommand->handle()
#22 /home/ben/Bureau/MyOwnApi/MyOwnApi/vendor/laravel/framework/src/Illuminate/Container/Util.php(41): Illuminate\\Container\\BoundMethod::Illuminate\\Container\\{closure}()
#23 /home/ben/Bureau/MyOwnApi/MyOwnApi/vendor/laravel/framework/src/Illuminate/Container/BoundMethod.php(93): Illuminate\\Container\\Util::unwrapIfClosure()
#24 /home/ben/Bureau/MyOwnApi/MyOwnApi/vendor/laravel/framework/src/Illuminate/Container/BoundMethod.php(37): Illuminate\\Container\\BoundMethod::callBoundMethod()
#25 /home/ben/Bureau/MyOwnApi/MyOwnApi/vendor/laravel/framework/src/Illuminate/Container/Container.php(662): Illuminate\\Container\\BoundMethod::call()
#26 /home/ben/Bureau/MyOwnApi/MyOwnApi/vendor/laravel/framework/src/Illuminate/Console/Command.php(211): Illuminate\\Container\\Container->call()
#27 /home/ben/Bureau/MyOwnApi/MyOwnApi/vendor/symfony/console/Command/Command.php(326): Illuminate\\Console\\Command->execute()
#28 /home/ben/Bureau/MyOwnApi/MyOwnApi/vendor/laravel/framework/src/Illuminate/Console/Command.php(181): Symfony\\Component\\Console\\Command\\Command->run()
#29 /home/ben/Bureau/MyOwnApi/MyOwnApi/vendor/symfony/console/Application.php(1096): Illuminate\\Console\\Command->run()
#30 /home/ben/Bureau/MyOwnApi/MyOwnApi/vendor/symfony/console/Application.php(324): Symfony\\Component\\Console\\Application->doRunCommand()
#31 /home/ben/Bureau/MyOwnApi/MyOwnApi/vendor/symfony/console/Application.php(175): Symfony\\Component\\Console\\Application->doRun()
#32 /home/ben/Bureau/MyOwnApi/MyOwnApi/vendor/laravel/framework/src/Illuminate/Foundation/Console/Kernel.php(201): Symfony\\Component\\Console\\Application->run()
#33 /home/ben/Bureau/MyOwnApi/MyOwnApi/artisan(37): Illuminate\\Foundation\\Console\\Kernel->handle()
#34 {main}
"} 
[2023-12-08 07:14:03] local.ERROR: The provided cwd "/home/ben/Bureau/MyOwnApi/MyOwnApi/public" does not exist. {"exception":"[object] (Symfony\\Component\\Process\\Exception\\RuntimeException(code: 0): The provided cwd \"/home/ben/Bureau/MyOwnApi/MyOwnApi/public\" does not exist. at /home/ben/Bureau/MyOwnApi/MyOwnApi/vendor/symfony/process/Process.php:343)
[stacktrace]
#0 /home/ben/Bureau/MyOwnApi/MyOwnApi/vendor/laravel/framework/src/Illuminate/Foundation/Console/ServeCommand.php(143): Symfony\\Component\\Process\\Process->start()
#1 /home/ben/Bureau/MyOwnApi/MyOwnApi/vendor/laravel/framework/src/Illuminate/Foundation/Console/ServeCommand.php(110): Illuminate\\Foundation\\Console\\ServeCommand->startProcess()
#2 /home/ben/Bureau/MyOwnApi/MyOwnApi/vendor/laravel/framework/src/Illuminate/Container/BoundMethod.php(36): Illuminate\\Foundation\\Console\\ServeCommand->handle()
#3 /home/ben/Bureau/MyOwnApi/MyOwnApi/vendor/laravel/framework/src/Illuminate/Container/Util.php(41): Illuminate\\Container\\BoundMethod::Illuminate\\Container\\{closure}()
#4 /home/ben/Bureau/MyOwnApi/MyOwnApi/vendor/laravel/framework/src/Illuminate/Container/BoundMethod.php(93): Illuminate\\Container\\Util::unwrapIfClosure()
#5 /home/ben/Bureau/MyOwnApi/MyOwnApi/vendor/laravel/framework/src/Illuminate/Container/BoundMethod.php(37): Illuminate\\Container\\BoundMethod::callBoundMethod()
#6 /home/ben/Bureau/MyOwnApi/MyOwnApi/vendor/laravel/framework/src/Illuminate/Container/Container.php(662): Illuminate\\Container\\BoundMethod::call()
#7 /home/ben/Bureau/MyOwnApi/MyOwnApi/vendor/laravel/framework/src/Illuminate/Console/Command.php(211): Illuminate\\Container\\Container->call()
#8 /home/ben/Bureau/MyOwnApi/MyOwnApi/vendor/symfony/console/Command/Command.php(326): Illuminate\\Console\\Command->execute()
#9 /home/ben/Bureau/MyOwnApi/MyOwnApi/vendor/laravel/framework/src/Illuminate/Console/Command.php(181): Symfony\\Component\\Console\\Command\\Command->run()
#10 /home/ben/Bureau/MyOwnApi/MyOwnApi/vendor/symfony/console/Application.php(1096): Illuminate\\Console\\Command->run()
#11 /home/ben/Bureau/MyOwnApi/MyOwnApi/vendor/symfony/console/Application.php(324): Symfony\\Component\\Console\\Application->doRunCommand()
#12 /home/ben/Bureau/MyOwnApi/MyOwnApi/vendor/symfony/console/Application.php(175): Symfony\\Component\\Console\\Application->doRun()
#13 /home/ben/Bureau/MyOwnApi/MyOwnApi/vendor/laravel/framework/src/Illuminate/Foundation/Console/Kernel.php(201): Symfony\\Component\\Console\\Application->run()
#14 /home/ben/Bureau/MyOwnApi/MyOwnApi/artisan(37): Illuminate\\Foundation\\Console\\Kernel->handle()
#15 {main}
"} 
